<?xml version="1.0" encoding="UTF-8"?>
<!-- Generated by org.testng.reporters.JUnitXMLReporter -->
<testsuite hostname="user-PC" ignored="0" name="TestLogin" tests="3" failures="0" timestamp="23 abr 2019 02:57:18 GMT" time="27.396" errors="0">
  <testcase name="testLoginSuccessCase" time="10.616" classname="com.aut.joyeria.testcases.TestLogin"/>
  <testcase name="testLoginEmpty" time="1.935" classname="com.aut.joyeria.testcases.TestLogin"/>
  <testcase name="testLoginBadAccount" time="6.623" classname="com.aut.joyeria.testcases.TestLogin"/>
</testsuite> <!-- TestLogin -->
