<?xml version="1.0" encoding="UTF-8"?>
<!-- Generated by org.testng.reporters.JUnitXMLReporter -->
<testsuite hostname="user-PC" ignored="0" name="TestProductDetails" tests="3" failures="0" timestamp="23 abr 2019 02:57:57 GMT" time="38.892" errors="0">
  <testcase name="addOneToCart" time="14.995" classname="com.aut.joyeria.testcases.TestProductDetails"/>
  <testcase name="addDifferentProductToCart" time="8.429" classname="com.aut.joyeria.testcases.TestProductDetails"/>
  <testcase name="addMoreThanOneToCart" time="8.314" classname="com.aut.joyeria.testcases.TestProductDetails"/>
</testsuite> <!-- TestProductDetails -->
