<?xml version="1.0" encoding="UTF-8"?>
<!-- Generated by org.testng.reporters.JUnitXMLReporter -->
<testsuite hostname="user-PC" ignored="0" name="Default test" tests="3" failures="0" timestamp="15 abr 2019 02:18:56 GMT" time="40.487" errors="0">
  <testcase name="testLoginSuccessCase" time="23.063" classname="com.aut.joyeria.testcases.TestLogin"/>
  <testcase name="testLoginEmpty" time="2.292" classname="com.aut.joyeria.testcases.TestLogin"/>
  <testcase name="testLoginBadAccount" time="7.045" classname="com.aut.joyeria.testcases.TestLogin"/>
</testsuite> <!-- Default test -->
