<?xml version="1.0" encoding="UTF-8"?>
<testng-results skipped="0" failed="0" ignored="0" total="6" passed="6">
  <reporter-output>
  </reporter-output>
  <suite name="RegressionSuite" duration-ms="440975" started-at="2020-03-30T05:29:13Z" finished-at="2020-03-30T05:36:34Z">
    <groups>
    </groups>
    <test name="TestLogin" duration-ms="191742" started-at="2020-03-30T05:29:13Z" finished-at="2020-03-30T05:32:25Z">
      <class name="com.aut.joyeria.testcases.TestLogin">
        <test-method status="PASS" signature="setup()[pri:0, instance:com.aut.joyeria.testcases.TestLogin@67b872]" name="setup" is-config="true" duration-ms="4189" started-at="2020-03-30T05:29:13Z" finished-at="2020-03-30T05:29:17Z">
          <reporter-output>
          </reporter-output>
        </test-method> <!-- setup -->
        <test-method status="PASS" signature="testLoginSuccessCase()[pri:0, instance:com.aut.joyeria.testcases.TestLogin@67b872]" name="testLoginSuccessCase" duration-ms="124481" started-at="2020-03-30T05:29:17Z" finished-at="2020-03-30T05:31:22Z">
          <reporter-output>
          </reporter-output>
        </test-method> <!-- testLoginSuccessCase -->
        <test-method status="PASS" signature="clean()[pri:0, instance:com.aut.joyeria.testcases.TestLogin@67b872]" name="clean" is-config="true" duration-ms="11399" started-at="2020-03-30T05:31:22Z" finished-at="2020-03-30T05:31:33Z">
          <reporter-output>
          </reporter-output>
        </test-method> <!-- clean -->
        <test-method status="PASS" signature="testLoginEmpty()[pri:1, instance:com.aut.joyeria.testcases.TestLogin@67b872]" name="testLoginEmpty" duration-ms="17041" started-at="2020-03-30T05:31:33Z" finished-at="2020-03-30T05:31:50Z">
          <reporter-output>
          </reporter-output>
        </test-method> <!-- testLoginEmpty -->
        <test-method status="PASS" signature="clean()[pri:0, instance:com.aut.joyeria.testcases.TestLogin@67b872]" name="clean" is-config="true" duration-ms="8490" started-at="2020-03-30T05:31:50Z" finished-at="2020-03-30T05:31:59Z">
          <reporter-output>
          </reporter-output>
        </test-method> <!-- clean -->
        <test-method status="PASS" signature="testLoginBadAccount()[pri:2, instance:com.aut.joyeria.testcases.TestLogin@67b872]" name="testLoginBadAccount" duration-ms="16974" started-at="2020-03-30T05:31:59Z" finished-at="2020-03-30T05:32:16Z">
          <reporter-output>
          </reporter-output>
        </test-method> <!-- testLoginBadAccount -->
        <test-method status="PASS" signature="clean()[pri:0, instance:com.aut.joyeria.testcases.TestLogin@67b872]" name="clean" is-config="true" duration-ms="8569" started-at="2020-03-30T05:32:16Z" finished-at="2020-03-30T05:32:24Z">
          <reporter-output>
          </reporter-output>
        </test-method> <!-- clean -->
        <test-method status="PASS" signature="teardown()[pri:0, instance:com.aut.joyeria.testcases.TestLogin@67b872]" name="teardown" is-config="true" duration-ms="583" started-at="2020-03-30T05:32:24Z" finished-at="2020-03-30T05:32:25Z">
          <reporter-output>
          </reporter-output>
        </test-method> <!-- teardown -->
      </class> <!-- com.aut.joyeria.testcases.TestLogin -->
    </test> <!-- TestLogin -->
    <test name="TestProductDetails" duration-ms="249219" started-at="2020-03-30T05:32:25Z" finished-at="2020-03-30T05:36:34Z">
      <class name="com.aut.joyeria.testcases.TestProductDetails">
        <test-method status="PASS" signature="setup()[pri:0, instance:com.aut.joyeria.testcases.TestProductDetails@9f9fb0]" name="setup" is-config="true" duration-ms="3568" started-at="2020-03-30T05:32:25Z" finished-at="2020-03-30T05:32:28Z">
          <reporter-output>
          </reporter-output>
        </test-method> <!-- setup -->
        <test-method status="PASS" signature="addOneToCart()[pri:0, instance:com.aut.joyeria.testcases.TestProductDetails@9f9fb0]" name="addOneToCart" duration-ms="150343" started-at="2020-03-30T05:32:28Z" finished-at="2020-03-30T05:34:59Z">
          <reporter-output>
          </reporter-output>
        </test-method> <!-- addOneToCart -->
        <test-method status="PASS" signature="clean()[pri:0, instance:com.aut.joyeria.testcases.TestProductDetails@9f9fb0]" name="clean" is-config="true" duration-ms="8721" started-at="2020-03-30T05:34:59Z" finished-at="2020-03-30T05:35:07Z">
          <reporter-output>
          </reporter-output>
        </test-method> <!-- clean -->
        <test-method status="PASS" signature="addDifferentProductToCart()[pri:1, instance:com.aut.joyeria.testcases.TestProductDetails@9f9fb0]" name="addDifferentProductToCart" duration-ms="33142" started-at="2020-03-30T05:35:07Z" finished-at="2020-03-30T05:35:40Z">
          <reporter-output>
          </reporter-output>
        </test-method> <!-- addDifferentProductToCart -->
        <test-method status="PASS" signature="clean()[pri:0, instance:com.aut.joyeria.testcases.TestProductDetails@9f9fb0]" name="clean" is-config="true" duration-ms="11021" started-at="2020-03-30T05:35:40Z" finished-at="2020-03-30T05:35:51Z">
          <reporter-output>
          </reporter-output>
        </test-method> <!-- clean -->
        <test-method status="PASS" signature="addMoreThanOneToCart()[pri:2, instance:com.aut.joyeria.testcases.TestProductDetails@9f9fb0]" name="addMoreThanOneToCart" duration-ms="30803" started-at="2020-03-30T05:35:51Z" finished-at="2020-03-30T05:36:22Z">
          <reporter-output>
          </reporter-output>
        </test-method> <!-- addMoreThanOneToCart -->
        <test-method status="PASS" signature="clean()[pri:0, instance:com.aut.joyeria.testcases.TestProductDetails@9f9fb0]" name="clean" is-config="true" duration-ms="11039" started-at="2020-03-30T05:36:22Z" finished-at="2020-03-30T05:36:33Z">
          <reporter-output>
          </reporter-output>
        </test-method> <!-- clean -->
        <test-method status="PASS" signature="teardown()[pri:0, instance:com.aut.joyeria.testcases.TestProductDetails@9f9fb0]" name="teardown" is-config="true" duration-ms="582" started-at="2020-03-30T05:36:33Z" finished-at="2020-03-30T05:36:34Z">
          <reporter-output>
          </reporter-output>
        </test-method> <!-- teardown -->
      </class> <!-- com.aut.joyeria.testcases.TestProductDetails -->
    </test> <!-- TestProductDetails -->
  </suite> <!-- RegressionSuite -->
</testng-results>
