<?xml version="1.0" encoding="UTF-8"?>
<!-- Generated by org.testng.reporters.JUnitXMLReporter -->
<testsuite hostname="user-PC" ignored="0" name="TestProductDetails" tests="3" failures="0" timestamp="30 mar 2020 05:36:34 GMT" time="249.219" errors="0">
  <testcase name="addOneToCart" time="150.343" classname="com.aut.joyeria.testcases.TestProductDetails"/>
  <testcase name="addDifferentProductToCart" time="33.142" classname="com.aut.joyeria.testcases.TestProductDetails"/>
  <testcase name="addMoreThanOneToCart" time="30.803" classname="com.aut.joyeria.testcases.TestProductDetails"/>
</testsuite> <!-- TestProductDetails -->
