<?xml version="1.0" encoding="UTF-8"?>
<!-- Generated by org.testng.reporters.JUnitXMLReporter -->
<testsuite hostname="user-PC" ignored="0" name="TestLogin" tests="3" failures="0" timestamp="21 mar 2020 01:31:05 GMT" time="181.826" errors="0">
  <testcase name="testLoginSuccessCase" time="114.565" classname="com.aut.joyeria.testcases.TestLogin"/>
  <testcase name="testLoginEmpty" time="17.095" classname="com.aut.joyeria.testcases.TestLogin"/>
  <testcase name="testLoginBadAccount" time="16.84" classname="com.aut.joyeria.testcases.TestLogin"/>
</testsuite> <!-- TestLogin -->
