<?xml version="1.0" encoding="UTF-8"?>
<!-- Generated by org.testng.reporters.JUnitXMLReporter -->
<testsuite hostname="user-PC" ignored="0" name="TestProductDetails" tests="3" failures="0" timestamp="21 mar 2020 01:35:12 GMT" time="246.839" errors="0">
  <testcase name="addOneToCart" time="147.889" classname="com.aut.joyeria.testcases.TestProductDetails"/>
  <testcase name="addDifferentProductToCart" time="33.333" classname="com.aut.joyeria.testcases.TestProductDetails"/>
  <testcase name="addMoreThanOneToCart" time="30.589" classname="com.aut.joyeria.testcases.TestProductDetails"/>
</testsuite> <!-- TestProductDetails -->
