<?xml version="1.0" encoding="UTF-8"?>
<!-- Generated by org.testng.reporters.JUnitXMLReporter -->
<testsuite hostname="user-PC" ignored="0" name="TestLogin" tests="3" failures="0" timestamp="30 mar 2020 05:32:25 GMT" time="191.742" errors="0">
  <testcase name="testLoginSuccessCase" time="124.481" classname="com.aut.joyeria.testcases.TestLogin"/>
  <testcase name="testLoginEmpty" time="17.041" classname="com.aut.joyeria.testcases.TestLogin"/>
  <testcase name="testLoginBadAccount" time="16.974" classname="com.aut.joyeria.testcases.TestLogin"/>
</testsuite> <!-- TestLogin -->
